app/build/intermediates/manifest_merge_blame_file/debug/manifest-merger-blame-debug-report.txt
1<?xml version="1.0" encoding="utf-8"?>
2<manifest xmlns:android="http://schemas.android.com/apk/res/android"
3    package="com.google.mlkit.vision.demo"
4    android:installLocation="auto"
5    android:versionCode="11"
6    android:versionName="1.11" >
7
8    <uses-sdk
8-->src\main\AndroidManifest.xml:16:5-19:63
9        android:minSdkVersion="19"
9-->src\main\AndroidManifest.xml:16:5-19:63
10        android:targetSdkVersion="31" />
10-->src\main\AndroidManifest.xml:16:5-19:63
11    <!--
12    CameraX libraries require minSdkVersion 21, while this quickstart app
13    supports low to 19. Needs to use overrideLibrary to make the merger tool
14    ignore this conflict and import the libraries while keeping the app's lower
15    minSdkVersion value. In code, will check SDK version, before calling CameraX
16    APIs.
17    -->
18
19    <uses-permission android:name="android.permission.INTERNET" />
19-->src\main\AndroidManifest.xml:13:5-67
19-->src\main\AndroidManifest.xml:13:22-64
20    <uses-permission android:name="android.permission.READ_EXTERNAL_STORAGE" />
20-->src\main\AndroidManifest.xml:14:5-80
20-->src\main\AndroidManifest.xml:14:22-77
21    <uses-permission android:name="android.permission.WRITE_EXTERNAL_STORAGE" />
21-->src\main\AndroidManifest.xml:15:5-81
21-->src\main\AndroidManifest.xml:15:22-78
22
23    <uses-feature android:name="android.hardware.camera" />
23-->src\main\AndroidManifest.xml:21:5-59
23-->src\main\AndroidManifest.xml:21:19-57
24
25    <uses-permission android:name="android.permission.INTERNET" />
25-->src\main\AndroidManifest.xml:13:5-67
25-->src\main\AndroidManifest.xml:13:22-64
26    <uses-permission android:name="android.permission.WRITE_EXTERNAL_STORAGE" />
26-->src\main\AndroidManifest.xml:15:5-81
26-->src\main\AndroidManifest.xml:15:22-78
27    <uses-permission android:name="android.permission.READ_EXTERNAL_STORAGE" />
27-->src\main\AndroidManifest.xml:14:5-80
27-->src\main\AndroidManifest.xml:14:22-77
28    <uses-permission android:name="android.permission.CAMERA" />
28-->src\main\AndroidManifest.xml:26:5-64
28-->src\main\AndroidManifest.xml:26:22-62
29
30    <queries>
30-->src\main\AndroidManifest.xml:182:5-186:15
31        <intent>
31-->src\main\AndroidManifest.xml:183:9-185:18
32            <action android:name="android.media.action.IMAGE_CAPTURE" />
32-->src\main\AndroidManifest.xml:184:13-73
32-->src\main\AndroidManifest.xml:184:21-70
33        </intent>
34    </queries>
35
36    <!-- For remote config -->
37    <uses-permission android:name="android.permission.ACCESS_NETWORK_STATE" />
37-->[com.google.mlkit:pose-detection-common:18.0.0-beta2] AndroidManifest.xml:7:5-79
37-->[com.google.mlkit:pose-detection-common:18.0.0-beta2] AndroidManifest.xml:7:22-76
38    <uses-permission android:name="android.permission.WAKE_LOCK" /> <!-- Required by older versions of Google Play services to create IID tokens -->
38-->[com.google.firebase:firebase-messaging:23.0.0] AndroidManifest.xml:23:5-68
38-->[com.google.firebase:firebase-messaging:23.0.0] AndroidManifest.xml:23:22-65
39    <uses-permission android:name="com.google.android.c2dm.permission.RECEIVE" />
39-->[com.google.firebase:firebase-messaging:23.0.0] AndroidManifest.xml:25:5-82
39-->[com.google.firebase:firebase-messaging:23.0.0] AndroidManifest.xml:25:22-79
40    <uses-permission android:name="android.permission.RECEIVE_BOOT_COMPLETED" />
40-->[androidx.work:work-runtime:2.7.0] AndroidManifest.xml:27:5-81
40-->[androidx.work:work-runtime:2.7.0] AndroidManifest.xml:27:22-78
41    <uses-permission android:name="android.permission.FOREGROUND_SERVICE" />
41-->[androidx.work:work-runtime:2.7.0] AndroidManifest.xml:28:5-77
41-->[androidx.work:work-runtime:2.7.0] AndroidManifest.xml:28:22-74
42
43    <application
43-->src\main\AndroidManifest.xml:28:5-181:19
44        android:name="androidx.multidex.MultiDexApplication"
44-->src\main\AndroidManifest.xml:29:9-61
45        android:appComponentFactory="androidx.core.app.CoreComponentFactory"
45-->[androidx.core:core:1.6.0] AndroidManifest.xml:24:18-86
46        android:debuggable="true"
47        android:icon="@drawable/logo1"
47-->src\main\AndroidManifest.xml:30:9-39
48        android:label="Fitness Made Fun"
48-->src\main\AndroidManifest.xml:31:9-41
49        android:testOnly="true"
50        android:theme="@style/Theme.AppCompat" >
50-->src\main\AndroidManifest.xml:32:9-47
51        <meta-data
51-->src\main\AndroidManifest.xml:34:9-36:68
52            android:name="com.google.android.gms.version"
52-->src\main\AndroidManifest.xml:35:13-58
53            android:value="@integer/google_play_services_version" />
53-->src\main\AndroidManifest.xml:36:13-66
54
55        <!--
56          Optional: Add it to automatically download ML model to device after
57          your app is installed.
58        -->
59        <meta-data
59-->src\main\AndroidManifest.xml:40:9-42:62
60            android:name="com.google.mlkit.vision.DEPENDENCIES"
60-->src\main\AndroidManifest.xml:41:13-64
61            android:value="barcode,face,ocr,ica,custom_ica" />
61-->src\main\AndroidManifest.xml:42:13-60
62
63        <activity
63-->src\main\AndroidManifest.xml:44:9-52:20
64            android:name="com.google.mlkit.vision.demo.EntryChoiceActivity"
64-->src\main\AndroidManifest.xml:45:13-48
65            android:exported="true"
65-->src\main\AndroidManifest.xml:46:13-36
66            android:theme="@style/AppTheme" >
66-->src\main\AndroidManifest.xml:47:13-44
67            <!--
68            <intent-filter>
69                <action android:name="android.intent.action.MAIN"/>
70                <category android:name="android.intent.category.LAUNCHER"/>
71            </intent-filter>
72            -->
73        </activity>
74        <activity
74-->src\main\AndroidManifest.xml:54:9-57:20
75            android:name="com.google.mlkit.vision.demo.java.ChooserActivity"
75-->src\main\AndroidManifest.xml:55:13-49
76            android:exported="false" >
76-->src\main\AndroidManifest.xml:56:13-37
77        </activity>
78        <activity
78-->src\main\AndroidManifest.xml:59:9-63:20
79            android:name="com.google.mlkit.vision.demo.java.LivePreviewActivity"
79-->src\main\AndroidManifest.xml:60:13-53
80            android:exported="false"
80-->src\main\AndroidManifest.xml:61:13-37
81            android:theme="@style/AppTheme" >
81-->src\main\AndroidManifest.xml:62:13-44
82        </activity>
83        <activity
83-->src\main\AndroidManifest.xml:65:9-69:20
84            android:name="com.google.mlkit.vision.demo.java.CameraXLivePreviewActivity"
84-->src\main\AndroidManifest.xml:66:13-60
85            android:exported="false"
85-->src\main\AndroidManifest.xml:67:13-37
86            android:theme="@style/AppTheme" >
86-->src\main\AndroidManifest.xml:68:13-44
87        </activity>
88        <activity
88-->src\main\AndroidManifest.xml:71:9-75:20
89            android:name="com.google.mlkit.vision.demo.java.CameraXSourceDemoActivity"
89-->src\main\AndroidManifest.xml:72:13-59
90            android:exported="false"
90-->src\main\AndroidManifest.xml:73:13-37
91            android:theme="@style/AppTheme" >
91-->src\main\AndroidManifest.xml:74:13-44
92        </activity>
93        <activity
93-->src\main\AndroidManifest.xml:78:9-81:20
94            android:name="com.google.mlkit.vision.demo.kotlin.ChooserActivity"
94-->src\main\AndroidManifest.xml:79:13-51
95            android:exported="false" >
95-->src\main\AndroidManifest.xml:80:13-37
96        </activity>
97        <activity
97-->src\main\AndroidManifest.xml:83:9-87:20
98            android:name="com.google.mlkit.vision.demo.kotlin.LivePreviewActivity"
98-->src\main\AndroidManifest.xml:84:13-55
99            android:exported="false"
99-->src\main\AndroidManifest.xml:85:13-37
100            android:theme="@style/AppTheme" >
100-->src\main\AndroidManifest.xml:86:13-44
101        </activity>
102        <activity
102-->src\main\AndroidManifest.xml:89:9-93:20
103            android:name="com.google.mlkit.vision.demo.kotlin.CameraXLivePreviewActivity"
103-->src\main\AndroidManifest.xml:90:13-62
104            android:exported="false"
104-->src\main\AndroidManifest.xml:91:13-37
105            android:theme="@style/AppTheme" >
105-->src\main\AndroidManifest.xml:92:13-44
106        </activity>
107        <activity
107-->src\main\AndroidManifest.xml:95:9-99:20
108            android:name="com.google.mlkit.vision.demo.kotlin.CameraXSourceDemoActivity"
108-->src\main\AndroidManifest.xml:96:13-61
109            android:exported="false"
109-->src\main\AndroidManifest.xml:97:13-37
110            android:theme="@style/AppTheme" >
110-->src\main\AndroidManifest.xml:98:13-44
111        </activity>
112        <activity
112-->src\main\AndroidManifest.xml:101:9-105:20
113            android:name="com.google.mlkit.vision.demo.kotlin.StillImageActivity"
113-->src\main\AndroidManifest.xml:102:13-54
114            android:exported="false"
114-->src\main\AndroidManifest.xml:103:13-37
115            android:theme="@style/AppTheme" >
115-->src\main\AndroidManifest.xml:104:13-44
116        </activity>
117        <activity
117-->src\main\AndroidManifest.xml:107:9-109:39
118            android:name="com.google.mlkit.vision.demo.preference.SettingsActivity"
118-->src\main\AndroidManifest.xml:108:13-56
119            android:exported="false" />
119-->src\main\AndroidManifest.xml:109:13-37
120        <activity
120-->src\main\AndroidManifest.xml:115:9-117:40
121            android:name="com.google.mlkit.vision.demo.splashScreen.black_screen"
121-->src\main\AndroidManifest.xml:116:13-54
122            android:exported="false" />
122-->src\main\AndroidManifest.xml:117:13-37
123        <activity
123-->src\main\AndroidManifest.xml:118:9-120:40
124            android:name="com.google.mlkit.vision.demo.splashScreen.level_activity"
124-->src\main\AndroidManifest.xml:119:13-56
125            android:exported="false" />
125-->src\main\AndroidManifest.xml:120:13-37
126        <activity
126-->src\main\AndroidManifest.xml:121:9-123:40
127            android:name="com.google.mlkit.vision.demo.splashScreen.CreatePlan"
127-->src\main\AndroidManifest.xml:122:13-52
128            android:exported="false" />
128-->src\main\AndroidManifest.xml:123:13-37
129        <activity
129-->src\main\AndroidManifest.xml:124:9-126:40
130            android:name="com.google.mlkit.vision.demo.splashScreen.FullBody"
130-->src\main\AndroidManifest.xml:125:13-50
131            android:exported="false" />
131-->src\main\AndroidManifest.xml:126:13-37
132        <activity
132-->src\main\AndroidManifest.xml:127:9-129:40
133            android:name="com.google.mlkit.vision.demo.splashScreen.EditProfile"
133-->src\main\AndroidManifest.xml:128:13-53
134            android:exported="false" />
134-->src\main\AndroidManifest.xml:129:13-37
135        <activity
135-->src\main\AndroidManifest.xml:130:9-132:40
136            android:name="com.google.mlkit.vision.demo.splashScreen.forgetpassword"
136-->src\main\AndroidManifest.xml:131:13-56
137            android:exported="false" />
137-->src\main\AndroidManifest.xml:132:13-37
138        <activity
138-->src\main\AndroidManifest.xml:133:9-135:40
139            android:name="com.google.mlkit.vision.demo.splashScreen.pythonactivity"
139-->src\main\AndroidManifest.xml:134:13-56
140            android:exported="false" />
140-->src\main\AndroidManifest.xml:135:13-37
141        <activity
141-->src\main\AndroidManifest.xml:136:9-138:39
142            android:name="com.google.mlkit.vision.demo.splashScreen.HomeScreen"
142-->src\main\AndroidManifest.xml:137:13-52
143            android:exported="true" />
143-->src\main\AndroidManifest.xml:138:13-36
144        <activity
144-->src\main\AndroidManifest.xml:139:9-141:39
145            android:name="com.google.mlkit.vision.demo.splashScreen.SignUp"
145-->src\main\AndroidManifest.xml:140:13-48
146            android:exported="true" />
146-->src\main\AndroidManifest.xml:141:13-36
147        <activity
147-->src\main\AndroidManifest.xml:142:9-145:36
148            android:name="com.google.mlkit.vision.demo.splashScreen.HomeActivity"
148-->src\main\AndroidManifest.xml:143:13-54
149            android:exported="true"
149-->src\main\AndroidManifest.xml:144:13-36
150            android:label="Home" />
150-->src\main\AndroidManifest.xml:145:13-33
151        <activity
151-->src\main\AndroidManifest.xml:146:9-154:20
152            android:name="com.google.mlkit.vision.demo.splashScreen.MainActivity"
152-->src\main\AndroidManifest.xml:147:13-54
153            android:exported="true" >
153-->src\main\AndroidManifest.xml:148:13-36
154            <intent-filter>
154-->src\main\AndroidManifest.xml:149:13-153:29
155                <action android:name="android.intent.action.MAIN" />
155-->src\main\AndroidManifest.xml:150:17-69
155-->src\main\AndroidManifest.xml:150:25-66
156
157                <category android:name="android.intent.category.LAUNCHER" />
157-->src\main\AndroidManifest.xml:152:17-77
157-->src\main\AndroidManifest.xml:152:27-74
158            </intent-filter>
159        </activity>
160
161        <service
161-->src\main\AndroidManifest.xml:156:9-162:19
162            android:name="com.google.mlkit.vision.demo.splashScreen.MyFirebaseMessagingService"
162-->src\main\AndroidManifest.xml:157:13-68
163            android:exported="false" >
163-->src\main\AndroidManifest.xml:158:13-37
164            <intent-filter>
164-->src\main\AndroidManifest.xml:159:13-161:29
165                <action android:name="com.google.firebase.MESSAGING_EVENT" />
165-->src\main\AndroidManifest.xml:160:17-78
165-->src\main\AndroidManifest.xml:160:25-75
166            </intent-filter>
167        </service>
168
169        <!--
170             Required for ML Kit Pose Detection GPU acceleration. Applications that target Android
171             S+ require explicit declaration of any referenced vendor-provided libraries.
172        -->
173        <uses-native-library
173-->[com.google.mlkit:pose-detection-common:18.0.0-beta2] AndroidManifest.xml:16:9-18:40
174            android:name="libOpenCL.so"
174-->[com.google.mlkit:pose-detection-common:18.0.0-beta2] AndroidManifest.xml:17:13-40
175            android:required="false" />
175-->[com.google.mlkit:pose-detection-common:18.0.0-beta2] AndroidManifest.xml:18:13-37
176        <uses-native-library
176-->[com.google.mlkit:pose-detection-common:18.0.0-beta2] AndroidManifest.xml:16:9-18:40
177            android:name="libOpenCL-car.so"
177-->[com.google.mlkit:pose-detection-common:18.0.0-beta2] AndroidManifest.xml:17:13-40
178            android:required="false" />
178-->[com.google.mlkit:pose-detection-common:18.0.0-beta2] AndroidManifest.xml:18:13-37
179        <uses-native-library
179-->[com.google.mlkit:pose-detection-common:18.0.0-beta2] AndroidManifest.xml:16:9-18:40
180            android:name="libOpenCL-pixel.so"
180-->[com.google.mlkit:pose-detection-common:18.0.0-beta2] AndroidManifest.xml:17:13-40
181            android:required="false" />
181-->[com.google.mlkit:pose-detection-common:18.0.0-beta2] AndroidManifest.xml:18:13-37
182
183        <service
183-->[com.google.mlkit:pose-detection-common:18.0.0-beta2] AndroidManifest.xml:26:9-32:19
184            android:name="com.google.mlkit.common.internal.MlKitComponentDiscoveryService"
184-->[com.google.mlkit:pose-detection-common:18.0.0-beta2] AndroidManifest.xml:27:13-91
185            android:directBootAware="true"
185-->[com.google.mlkit:common:18.1.0] AndroidManifest.xml:17:13-43
186            android:exported="false" >
186-->[com.google.mlkit:pose-detection-common:18.0.0-beta2] AndroidManifest.xml:28:13-37
187            <meta-data
187-->[com.google.mlkit:pose-detection-common:18.0.0-beta2] AndroidManifest.xml:29:13-31:85
188                android:name="com.google.firebase.components:com.google.mlkit.vision.pose.internal.PoseRegistrar"
188-->[com.google.mlkit:pose-detection-common:18.0.0-beta2] AndroidManifest.xml:30:17-114
189                android:value="com.google.firebase.components.ComponentRegistrar" />
189-->[com.google.mlkit:pose-detection-common:18.0.0-beta2] AndroidManifest.xml:31:17-82
190            <meta-data
190-->[com.google.mlkit:object-detection:17.0.0] AndroidManifest.xml:14:13-16:85
191                android:name="com.google.firebase.components:com.google.mlkit.vision.objects.defaults.internal.DefaultObjectsRegistrar"
191-->[com.google.mlkit:object-detection:17.0.0] AndroidManifest.xml:15:17-136
192                android:value="com.google.firebase.components.ComponentRegistrar" />
192-->[com.google.mlkit:object-detection:17.0.0] AndroidManifest.xml:16:17-82
193            <meta-data
193-->[com.google.mlkit:object-detection-custom:17.0.0] AndroidManifest.xml:11:13-13:85
194                android:name="com.google.firebase.components:com.google.mlkit.vision.objects.custom.internal.CustomObjectsRegistrar"
194-->[com.google.mlkit:object-detection-custom:17.0.0] AndroidManifest.xml:12:17-133
195                android:value="com.google.firebase.components.ComponentRegistrar" />
195-->[com.google.mlkit:object-detection-custom:17.0.0] AndroidManifest.xml:13:17-82
196            <meta-data
196-->[com.google.mlkit:image-labeling:17.0.7] AndroidManifest.xml:11:13-13:85
197                android:name="com.google.firebase.components:com.google.mlkit.vision.label.defaults.internal.BundledLabelRegistrar"
197-->[com.google.mlkit:image-labeling:17.0.7] AndroidManifest.xml:12:17-132
198                android:value="com.google.firebase.components.ComponentRegistrar" />
198-->[com.google.mlkit:image-labeling:17.0.7] AndroidManifest.xml:13:17-82
199            <meta-data
199-->[com.google.mlkit:image-labeling-custom:17.0.1] AndroidManifest.xml:11:13-13:85
200                android:name="com.google.firebase.components:com.google.mlkit.vision.label.custom.internal.CustomLabelRegistrar"
200-->[com.google.mlkit:image-labeling-custom:17.0.1] AndroidManifest.xml:12:17-129
201                android:value="com.google.firebase.components.ComponentRegistrar" />
201-->[com.google.mlkit:image-labeling-custom:17.0.1] AndroidManifest.xml:13:17-82
202            <meta-data
202-->[com.google.mlkit:segmentation-selfie:16.0.0-beta4] AndroidManifest.xml:12:13-14:85
203                android:name="com.google.firebase.components:com.google.mlkit.vision.segmentation.internal.SegmentationRegistrar"
203-->[com.google.mlkit:segmentation-selfie:16.0.0-beta4] AndroidManifest.xml:13:17-130
204                android:value="com.google.firebase.components.ComponentRegistrar" />
204-->[com.google.mlkit:segmentation-selfie:16.0.0-beta4] AndroidManifest.xml:14:17-82
205            <meta-data
205-->[com.google.android.gms:play-services-mlkit-barcode-scanning:18.0.0] AndroidManifest.xml:12:13-14:85
206                android:name="com.google.firebase.components:com.google.mlkit.vision.barcode.internal.BarcodeRegistrar"
206-->[com.google.android.gms:play-services-mlkit-barcode-scanning:18.0.0] AndroidManifest.xml:13:17-120
207                android:value="com.google.firebase.components.ComponentRegistrar" />
207-->[com.google.android.gms:play-services-mlkit-barcode-scanning:18.0.0] AndroidManifest.xml:14:17-82
208            <meta-data
208-->[com.google.mlkit:vision-internal-vkp:18.2.2] AndroidManifest.xml:14:13-16:85
209                android:name="com.google.firebase.components:com.google.mlkit.vision.vkp.VkpRegistrar"
209-->[com.google.mlkit:vision-internal-vkp:18.2.2] AndroidManifest.xml:15:17-103
210                android:value="com.google.firebase.components.ComponentRegistrar" />
210-->[com.google.mlkit:vision-internal-vkp:18.2.2] AndroidManifest.xml:16:17-82
211            <meta-data
211-->[com.google.android.gms:play-services-mlkit-face-detection:17.0.1] AndroidManifest.xml:12:13-14:85
212                android:name="com.google.firebase.components:com.google.mlkit.vision.face.internal.FaceRegistrar"
212-->[com.google.android.gms:play-services-mlkit-face-detection:17.0.1] AndroidManifest.xml:13:17-114
213                android:value="com.google.firebase.components.ComponentRegistrar" />
213-->[com.google.android.gms:play-services-mlkit-face-detection:17.0.1] AndroidManifest.xml:14:17-82
214            <meta-data
214-->[com.google.android.gms:play-services-mlkit-text-recognition-common:17.0.0] AndroidManifest.xml:12:13-14:85
215                android:name="com.google.firebase.components:com.google.mlkit.vision.text.internal.TextRegistrar"
215-->[com.google.android.gms:play-services-mlkit-text-recognition-common:17.0.0] AndroidManifest.xml:13:17-114
216                android:value="com.google.firebase.components.ComponentRegistrar" />
216-->[com.google.android.gms:play-services-mlkit-text-recognition-common:17.0.0] AndroidManifest.xml:14:17-82
217            <meta-data
217-->[com.google.mlkit:vision-common:17.1.0] AndroidManifest.xml:12:13-14:85
218                android:name="com.google.firebase.components:com.google.mlkit.vision.common.internal.VisionCommonRegistrar"
218-->[com.google.mlkit:vision-common:17.1.0] AndroidManifest.xml:13:17-124
219                android:value="com.google.firebase.components.ComponentRegistrar" />
219-->[com.google.mlkit:vision-common:17.1.0] AndroidManifest.xml:14:17-82
220            <meta-data
220-->[com.google.mlkit:common:18.1.0] AndroidManifest.xml:20:13-22:85
221                android:name="com.google.firebase.components:com.google.mlkit.common.internal.CommonComponentRegistrar"
221-->[com.google.mlkit:common:18.1.0] AndroidManifest.xml:21:17-120
222                android:value="com.google.firebase.components.ComponentRegistrar" />
222-->[com.google.mlkit:common:18.1.0] AndroidManifest.xml:22:17-82
223        </service>
224        <service
224-->[com.google.mlkit:acceleration:16.0.0-beta1] AndroidManifest.xml:8:9-11:68
225            android:name="com.google.mlkit.acceleration.internal.MlKitRemoteWorkerService"
225-->[com.google.mlkit:acceleration:16.0.0-beta1] AndroidManifest.xml:9:13-91
226            android:exported="false"
226-->[com.google.mlkit:acceleration:16.0.0-beta1] AndroidManifest.xml:10:13-37
227            android:process=":mlkit_acceleration_mini_benchmark" />
227-->[com.google.mlkit:acceleration:16.0.0-beta1] AndroidManifest.xml:11:13-65
228        <service
228-->[androidx.work:work-multiprocess:2.7.0] AndroidManifest.xml:25:9-27:40
229            android:name="androidx.work.multiprocess.RemoteWorkManagerService"
229-->[androidx.work:work-multiprocess:2.7.0] AndroidManifest.xml:26:13-79
230            android:exported="false" />
230-->[androidx.work:work-multiprocess:2.7.0] AndroidManifest.xml:27:13-37
231
232        <activity
232-->[com.google.firebase:firebase-auth:21.0.1] AndroidManifest.xml:27:9-44:20
233            android:name="com.google.firebase.auth.internal.GenericIdpActivity"
233-->[com.google.firebase:firebase-auth:21.0.1] AndroidManifest.xml:28:13-80
234            android:excludeFromRecents="true"
234-->[com.google.firebase:firebase-auth:21.0.1] AndroidManifest.xml:29:13-46
235            android:exported="true"
235-->[com.google.firebase:firebase-auth:21.0.1] AndroidManifest.xml:30:13-36
236            android:launchMode="singleTask"
236-->[com.google.firebase:firebase-auth:21.0.1] AndroidManifest.xml:31:13-44
237            android:theme="@android:style/Theme.Translucent.NoTitleBar" >
237-->[com.google.firebase:firebase-auth:21.0.1] AndroidManifest.xml:32:13-72
238            <intent-filter>
238-->[com.google.firebase:firebase-auth:21.0.1] AndroidManifest.xml:33:13-43:29
239                <action android:name="android.intent.action.VIEW" />
239-->[com.google.firebase:firebase-auth:21.0.1] AndroidManifest.xml:34:17-69
239-->[com.google.firebase:firebase-auth:21.0.1] AndroidManifest.xml:34:25-66
240
241                <category android:name="android.intent.category.DEFAULT" />
241-->[com.google.firebase:firebase-auth:21.0.1] AndroidManifest.xml:36:17-76
241-->[com.google.firebase:firebase-auth:21.0.1] AndroidManifest.xml:36:27-73
242                <category android:name="android.intent.category.BROWSABLE" />
242-->[com.google.firebase:firebase-auth:21.0.1] AndroidManifest.xml:37:17-78
242-->[com.google.firebase:firebase-auth:21.0.1] AndroidManifest.xml:37:27-75
243
244                <data
244-->[com.google.firebase:firebase-auth:21.0.1] AndroidManifest.xml:39:17-42:51
245                    android:host="firebase.auth"
245-->[com.google.firebase:firebase-auth:21.0.1] AndroidManifest.xml:40:21-49
246                    android:path="/"
246-->[com.google.firebase:firebase-auth:21.0.1] AndroidManifest.xml:41:21-37
247                    android:scheme="genericidp" />
247-->[com.google.firebase:firebase-auth:21.0.1] AndroidManifest.xml:42:21-48
248            </intent-filter>
249        </activity>
250        <activity
250-->[com.google.firebase:firebase-auth:21.0.1] AndroidManifest.xml:45:9-62:20
251            android:name="com.google.firebase.auth.internal.RecaptchaActivity"
251-->[com.google.firebase:firebase-auth:21.0.1] AndroidManifest.xml:46:13-79
252            android:excludeFromRecents="true"
252-->[com.google.firebase:firebase-auth:21.0.1] AndroidManifest.xml:47:13-46
253            android:exported="true"
253-->[com.google.firebase:firebase-auth:21.0.1] AndroidManifest.xml:48:13-36
254            android:launchMode="singleTask"
254-->[com.google.firebase:firebase-auth:21.0.1] AndroidManifest.xml:49:13-44
255            android:theme="@android:style/Theme.Translucent.NoTitleBar" >
255-->[com.google.firebase:firebase-auth:21.0.1] AndroidManifest.xml:50:13-72
256            <intent-filter>
256-->[com.google.firebase:firebase-auth:21.0.1] AndroidManifest.xml:51:13-61:29
257                <action android:name="android.intent.action.VIEW" />
257-->[com.google.firebase:firebase-auth:21.0.1] AndroidManifest.xml:34:17-69
257-->[com.google.firebase:firebase-auth:21.0.1] AndroidManifest.xml:34:25-66
258
259                <category android:name="android.intent.category.DEFAULT" />
259-->[com.google.firebase:firebase-auth:21.0.1] AndroidManifest.xml:36:17-76
259-->[com.google.firebase:firebase-auth:21.0.1] AndroidManifest.xml:36:27-73
260                <category android:name="android.intent.category.BROWSABLE" />
260-->[com.google.firebase:firebase-auth:21.0.1] AndroidManifest.xml:37:17-78
260-->[com.google.firebase:firebase-auth:21.0.1] AndroidManifest.xml:37:27-75
261
262                <data
262-->[com.google.firebase:firebase-auth:21.0.1] AndroidManifest.xml:39:17-42:51
263                    android:host="firebase.auth"
263-->[com.google.firebase:firebase-auth:21.0.1] AndroidManifest.xml:40:21-49
264                    android:path="/"
264-->[com.google.firebase:firebase-auth:21.0.1] AndroidManifest.xml:41:21-37
265                    android:scheme="recaptcha" />
265-->[com.google.firebase:firebase-auth:21.0.1] AndroidManifest.xml:42:21-48
266            </intent-filter>
267        </activity>
268
269        <service
269-->[com.google.firebase:firebase-auth:21.0.1] AndroidManifest.xml:64:9-73:19
270            android:name="com.google.firebase.auth.api.fallback.service.FirebaseAuthFallbackService"
270-->[com.google.firebase:firebase-auth:21.0.1] AndroidManifest.xml:65:13-101
271            android:enabled="true"
271-->[com.google.firebase:firebase-auth:21.0.1] AndroidManifest.xml:66:13-35
272            android:exported="false" >
272-->[com.google.firebase:firebase-auth:21.0.1] AndroidManifest.xml:67:13-37
273            <intent-filter>
273-->[com.google.firebase:firebase-auth:21.0.1] AndroidManifest.xml:68:13-72:29
274                <action android:name="com.google.firebase.auth.api.gms.service.START" />
274-->[com.google.firebase:firebase-auth:21.0.1] AndroidManifest.xml:69:17-89
274-->[com.google.firebase:firebase-auth:21.0.1] AndroidManifest.xml:69:25-86
275
276                <category android:name="android.intent.category.DEFAULT" />
276-->[com.google.firebase:firebase-auth:21.0.1] AndroidManifest.xml:36:17-76
276-->[com.google.firebase:firebase-auth:21.0.1] AndroidManifest.xml:36:27-73
277            </intent-filter>
278        </service>
279        <service
279-->[com.google.firebase:firebase-auth:21.0.1] AndroidManifest.xml:74:9-80:19
280            android:name="com.google.firebase.components.ComponentDiscoveryService"
280-->[com.google.firebase:firebase-auth:21.0.1] AndroidManifest.xml:75:13-84
281            android:directBootAware="true"
281-->[com.google.firebase:firebase-common:20.0.0] AndroidManifest.xml:35:13-43
282            android:exported="false" >
282-->[com.google.firebase:firebase-auth:21.0.1] AndroidManifest.xml:76:13-37
283            <meta-data
283-->[com.google.firebase:firebase-auth:21.0.1] AndroidManifest.xml:77:13-79:85
284                android:name="com.google.firebase.components:com.google.firebase.auth.FirebaseAuthRegistrar"
284-->[com.google.firebase:firebase-auth:21.0.1] AndroidManifest.xml:78:17-109
285                android:value="com.google.firebase.components.ComponentRegistrar" />
285-->[com.google.firebase:firebase-auth:21.0.1] AndroidManifest.xml:79:17-82
286            <meta-data
286-->[com.google.firebase:firebase-database:20.0.3] AndroidManifest.xml:32:13-34:85
287                android:name="com.google.firebase.components:com.google.firebase.database.DatabaseRegistrar"
287-->[com.google.firebase:firebase-database:20.0.3] AndroidManifest.xml:33:17-109
288                android:value="com.google.firebase.components.ComponentRegistrar" />
288-->[com.google.firebase:firebase-database:20.0.3] AndroidManifest.xml:34:17-82
289            <meta-data
289-->[com.google.firebase:firebase-messaging:23.0.0] AndroidManifest.xml:52:13-54:85
290                android:name="com.google.firebase.components:com.google.firebase.messaging.FirebaseMessagingRegistrar"
290-->[com.google.firebase:firebase-messaging:23.0.0] AndroidManifest.xml:53:17-119
291                android:value="com.google.firebase.components.ComponentRegistrar" />